#
# There is insufficient memory for the Java Runtime Environment to continue.
# Native memory allocation (mmap) failed to map 130023424 bytes for G1 virtual space
# Possible reasons:
#   The system is out of physical RAM or swap space
#   The process is running with CompressedOops enabled, and the Java Heap may be blocking the growth of the native heap
# Possible solutions:
#   Reduce memory load on the system
#   Increase physical memory or swap space
#   Check if swap backing store is full
#   Decrease Java heap size (-Xmx/-Xms)
#   Decrease number of Java threads
#   Decrease Java thread stack sizes (-Xss)
#   Set larger code cache with -XX:ReservedCodeCacheSize=
#   JVM is running with Unscaled Compressed Oops mode in which the Java heap is
#     placed in the first 4GB address space. The Java Heap base address is the
#     maximum limit for the native heap growth. Please use -XX:HeapBaseMinAddress
#     to set the Java Heap base and to place the Java Heap above 4GB virtual address.
# This output file may be truncated or incomplete.
#
#  Out of Memory Error (os_windows.cpp:3548), pid=12620, tid=5904
#
# JRE version:  (17.0.11+7) (build )
# Java VM: Java HotSpot(TM) 64-Bit Server VM (17.0.11+7-LTS-207, mixed mode, sharing, tiered, compressed oops, compressed class ptrs, g1 gc, windows-amd64)
# No core dump will be written. Minidumps are not enabled by default on client versions of Windows
#

---------------  S U M M A R Y ------------

Command Line: 

Host: 12th Gen Intel(R) Core(TM) i7-1255U, 12 cores, 7G,  Windows 11 , 64 bit Build 26100 (10.0.26100.7920)
Time: Wed Mar 25 09:00:39 2026 Taipei Standard Time elapsed time: 2.030150 seconds (0d 0h 0m 2s)

---------------  T H R E A D  ---------------

Current thread (0x0000022e6715b970):  JavaThread "Unknown thread" [_thread_in_vm, id=5904, stack(0x000000b884400000,0x000000b884500000)]

Stack: [0x000000b884400000,0x000000b884500000]
Native frames: (J=compiled Java code, j=interpreted, Vv=VM code, C=native code)
V  [jvm.dll+0x679cca]
V  [jvm.dll+0x7da13d]
V  [jvm.dll+0x7dba83]
V  [jvm.dll+0x7dc0f3]
V  [jvm.dll+0x2449af]
V  [jvm.dll+0x676ce9]
V  [jvm.dll+0x66b852]
V  [jvm.dll+0x3018d6]
V  [jvm.dll+0x308e76]
V  [jvm.dll+0x3596ee]
V  [jvm.dll+0x35991f]
V  [jvm.dll+0x2d89a8]
V  [jvm.dll+0x2d9914]
V  [jvm.dll+0x7ac6b1]
V  [jvm.dll+0x366f61]
V  [jvm.dll+0x78b609]
V  [jvm.dll+0x3ec22f]
V  [jvm.dll+0x3ede61]
C  [jli.dll+0x5297]
C  [ucrtbase.dll+0x37b0]
C  [KERNEL32.DLL+0x2e8d7]
C  [ntdll.dll+0x8c48c]


---------------  P R O C E S S  ---------------

Threads class SMR info:
_java_thread_list=0x00007fffb0617a18, length=0, elements={
}

Java Threads: ( => current thread )

Other Threads:
  0x0000022e671b67a0 GCTaskThread "GC Thread#0" [stack: 0x000000b884500000,0x000000b884600000] [id=6796]
  0x0000022e671c8ad0 ConcurrentGCThread "G1 Main Marker" [stack: 0x000000b884600000,0x000000b884700000] [id=6372]
  0x0000022e671c94e0 ConcurrentGCThread "G1 Conc#0" [stack: 0x000000b884700000,0x000000b884800000] [id=14588]

[error occurred during error reporting (printing all threads), id 0xc0000005, EXCEPTION_ACCESS_VIOLATION (0xc0000005) at pc=0x00007fffafe49497]

VM state: not at safepoint (not fully initialized)

VM Mutex/Monitor currently owned by a thread:  ([mutex/lock_event])
[0x0000022e67158e60] Heap_lock - owner thread: 0x0000022e6715b970

Heap address: 0x0000000084800000, size: 1976 MB, Compressed Oops mode: 32-bit

CDS archive(s) mapped at: [0x0000000000000000-0x0000000000000000-0x0000000000000000), size 0, SharedBaseAddress: 0x0000000800000000, ArchiveRelocationMode: 1.
Narrow klass base: 0x0000000000000000, Narrow klass shift: 0, Narrow klass range: 0x0

GC Precious Log:
<Empty>

Heap:
 garbage-first heap   total 0K, used 0K [0x0000000084800000, 0x0000000100000000)
  region size 1024K, 0 young (0K), 0 survivors (0K)

[error occurred during error reporting (printing heap information), id 0xc0000005, EXCEPTION_ACCESS_VIOLATION (0xc0000005) at pc=0x00007fffb0233559]

GC Heap History (0 events):
No events

Deoptimization events (0 events):
No events

Classes unloaded (0 events):
No events

Classes redefined (0 events):
No events

Internal exceptions (0 events):
No events

VM Operations (0 events):
No events

Events (1 events):
Event: 0.009 Loaded shared library C:\Program Files\Java\jdk-17\bin\java.dll


Dynamic libraries:
0x00007ff683c80000 - 0x00007ff683c90000 	C:\Program Files\Java\jdk-17\bin\java.exe
0x00007ff822f60000 - 0x00007ff8231c7000 	C:\WINDOWS\SYSTEM32\ntdll.dll
0x00007ff821630000 - 0x00007ff8216f9000 	C:\WINDOWS\System32\KERNEL32.DLL
0x00007ff820900000 - 0x00007ff820cf1000 	C:\WINDOWS\System32\KERNELBASE.dll
0x00007ff81ff40000 - 0x00007ff82008b000 	C:\WINDOWS\System32\ucrtbase.dll
0x00007ff80bc70000 - 0x00007ff80bc89000 	C:\Program Files\Java\jdk-17\bin\jli.dll
0x00007ff821bf0000 - 0x00007ff821cab000 	C:\WINDOWS\System32\ADVAPI32.dll
0x00007ff80b1e0000 - 0x00007ff80b1fb000 	C:\Program Files\Java\jdk-17\bin\VCRUNTIME140.dll
0x00007ff821cb0000 - 0x00007ff821d59000 	C:\WINDOWS\System32\msvcrt.dll
0x00007ff821d60000 - 0x00007ff821e07000 	C:\WINDOWS\System32\sechost.dll
0x00007ff821e80000 - 0x00007ff821f98000 	C:\WINDOWS\System32\RPCRT4.dll
0x00007ff822950000 - 0x00007ff822b15000 	C:\WINDOWS\System32\USER32.dll
0x00007ff81f9b0000 - 0x00007ff81f9d7000 	C:\WINDOWS\System32\win32u.dll
0x00007ff8094b0000 - 0x00007ff809743000 	C:\WINDOWS\WinSxS\amd64_microsoft.windows.common-controls_6595b64144ccf1df_6.0.26100.7922_none_3e089e1ee3342171\COMCTL32.dll
0x00007ff820d10000 - 0x00007ff820d3b000 	C:\WINDOWS\System32\GDI32.dll
0x00007ff81fc10000 - 0x00007ff81fd3a000 	C:\WINDOWS\System32\gdi32full.dll
0x00007ff81f840000 - 0x00007ff81f8e3000 	C:\WINDOWS\System32\msvcp_win.dll
0x00007ff809960000 - 0x00007ff80996b000 	C:\WINDOWS\SYSTEM32\VERSION.dll
0x00007ff820df0000 - 0x00007ff820e21000 	C:\WINDOWS\System32\IMM32.DLL
0x00007ff81aa00000 - 0x00007ff81aa0c000 	C:\Program Files\Java\jdk-17\bin\vcruntime140_1.dll
0x00007fffea6f0000 - 0x00007fffea77e000 	C:\Program Files\Java\jdk-17\bin\msvcp140.dll
0x00007fffafb60000 - 0x00007fffb0740000 	C:\Program Files\Java\jdk-17\bin\server\jvm.dll
0x00007ff822620000 - 0x00007ff822628000 	C:\WINDOWS\System32\PSAPI.DLL
0x00007ff80ee50000 - 0x00007ff80ee5a000 	C:\WINDOWS\SYSTEM32\WSOCK32.dll
0x00007ff815540000 - 0x00007ff815575000 	C:\WINDOWS\SYSTEM32\WINMM.dll
0x00007ff820d70000 - 0x00007ff820de4000 	C:\WINDOWS\System32\WS2_32.dll
0x00007ff81e5d0000 - 0x00007ff81e5eb000 	C:\WINDOWS\SYSTEM32\kernel.appcore.dll
0x00007ff80ea50000 - 0x00007ff80ea5a000 	C:\Program Files\Java\jdk-17\bin\jimage.dll
0x00007ff81d6f0000 - 0x00007ff81d932000 	C:\WINDOWS\SYSTEM32\DBGHELP.DLL
0x00007ff822200000 - 0x00007ff822582000 	C:\WINDOWS\System32\combase.dll
0x00007ff822120000 - 0x00007ff8221f7000 	C:\WINDOWS\System32\OLEAUT32.dll
0x00007ffffac80000 - 0x00007ffffacbb000 	C:\WINDOWS\SYSTEM32\dbgcore.DLL
0x00007ff81fb60000 - 0x00007ff81fc05000 	C:\WINDOWS\System32\bcryptPrimitives.dll
0x00007ffffc8f0000 - 0x00007ffffc915000 	C:\Program Files\Java\jdk-17\bin\java.dll

dbghelp: loaded successfully - version: 4.0.5 - missing functions: none
symbol engine: initialized successfully - sym options: 0x614 - pdb path: .;C:\Program Files\Java\jdk-17\bin;C:\WINDOWS\SYSTEM32;C:\WINDOWS\WinSxS\amd64_microsoft.windows.common-controls_6595b64144ccf1df_6.0.26100.7922_none_3e089e1ee3342171;C:\Program Files\Java\jdk-17\bin\server

VM Arguments:
java_command: <unknown>
java_class_path (initial): <not set>
Launcher Type: SUN_STANDARD

[Global flags]
     intx CICompilerCount                          = 4                                         {product} {ergonomic}
     uint ConcGCThreads                            = 3                                         {product} {ergonomic}
     uint G1ConcRefinementThreads                  = 10                                        {product} {ergonomic}
   size_t G1HeapRegionSize                         = 1048576                                   {product} {ergonomic}
    uintx GCDrainStackTargetSize                   = 64                                        {product} {ergonomic}
   size_t InitialHeapSize                          = 130023424                                 {product} {ergonomic}
   size_t MarkStackSize                            = 4194304                                   {product} {ergonomic}
   size_t MaxHeapSize                              = 2071986176                                {product} {ergonomic}
   size_t MinHeapDeltaBytes                        = 1048576                                   {product} {ergonomic}
   size_t MinHeapSize                              = 8388608                                   {product} {ergonomic}
    uintx NonNMethodCodeHeapSize                   = 5839372                                {pd product} {ergonomic}
    uintx NonProfiledCodeHeapSize                  = 122909434                              {pd product} {ergonomic}
    uintx ProfiledCodeHeapSize                     = 122909434                              {pd product} {ergonomic}
    uintx ReservedCodeCacheSize                    = 251658240                              {pd product} {ergonomic}
     bool SegmentedCodeCache                       = true                                      {product} {ergonomic}
   size_t SoftMaxHeapSize                          = 2071986176                             {manageable} {ergonomic}
     bool UseCompressedClassPointers               = true                           {product lp64_product} {ergonomic}
     bool UseCompressedOops                        = true                           {product lp64_product} {ergonomic}
     bool UseG1GC                                  = true                                      {product} {ergonomic}
     bool UseLargePagesIndividualAllocation        = false                                  {pd product} {ergonomic}

Logging:
Log output configuration:
 #0: stdout all=warning uptime,level,tags
 #1: stderr all=off uptime,level,tags

Environment Variables:
PATH=C:\Users\Acer\AppData\Local\Programs\Microsoft VS Code;C:\Program Files\Common Files\Oracle\Java\javapath;C:\Program Files (x86)\Common Files\Oracle\Java\java8path;C:\Program Files (x86)\Common Files\Oracle\Java\javapath;C:\Python312\Scripts\;C:\Python312\;C:\WINDOWS\system32;C:\WINDOWS;C:\WINDOWS\System32\Wbem;C:\WINDOWS\System32\WindowsPowerShell\v1.0\;C:\WINDOWS\System32\OpenSSH\;C:\Program Files\nodejs\;C:\ProgramData\chocolatey\bin;C:\Program Files\dotnet\;C:\Program Files\Git\cmd;C:\Users\Acer\AppData\Local\Microsoft\WindowsApps;C:\Users\Acer\AppData\Local\Programs\Microsoft VS Code\bin;C:\Users\Acer\AppData\Roaming\npm;C:\Users\Acer\.dotnet\tools;C:\Users\Acer\AppData\Local\GitHubDesktop\bin
USERNAME=Acer
OS=Windows_NT
PROCESSOR_IDENTIFIER=Intel64 Family 6 Model 154 Stepping 4, GenuineIntel



---------------  S Y S T E M  ---------------

OS:
 Windows 11 , 64 bit Build 26100 (10.0.26100.7920)
OS uptime: 0 days 0:55 hours
Hyper-V role detected

CPU: total 12 (initial active 12) (6 cores per cpu, 2 threads per core) family 6 model 154 stepping 4 microcode 0x423, cx8, cmov, fxsr, ht, mmx, 3dnowpref, sse, sse2, sse3, ssse3, sse4.1, sse4.2, popcnt, lzcnt, tsc, tscinvbit, avx, avx2, aes, erms, clmul, bmi1, bmi2, adx, sha, fma, vzeroupper, clflush, clflushopt, clwb, hv

Memory: 4k page, system-wide physical 7896M (1486M free)
TotalPageFile size 7896M (AvailPageFile size 33M)
current process WorkingSet (physical memory assigned to process): 12M, peak: 12M
current process commit charge ("private bytes"): 64M, peak: 188M

vm_info: Java HotSpot(TM) 64-Bit Server VM (17.0.11+7-LTS-207) for windows-amd64 JRE (17.0.11+7-LTS-207), built on Mar 11 2024 19:01:50 by "mach5one" with MS VC++ 17.6 (VS2022)

END.
